16 Jun 2014 00:43:39 [ WARN] (PropertiesUtil.java:52) [<clinit>] - smRuntimeDirectory not specified, will get sm-core-config.properties from classpath
16 Jun 2014 00:45:05 [ERROR] (RefCache.java:292) [createCache] - org.springframework.transaction.CannotCreateTransactionException: Could not open Hibernate Session for transaction; nested exception is org.hibernate.exception.GenericJDBCException: Cannot open connection
16 Jun 2014 00:48:23 [ WARN] (PropertiesUtil.java:52) [<clinit>] - smRuntimeDirectory not specified, will get sm-core-config.properties from classpath
16 Jun 2014 00:49:07 [ERROR] (SalesManagerInterceptor.java:213) [setMerchantStore] - Cannot parse merchantId to Integer null
16 Jun 2014 00:49:08 [ERROR] (SalesManagerInterceptor.java:223) [setMerchantStore] - MerchantStore does not exist for merchantId null
16 Jun 2014 02:01:16 [ WARN] (PropertiesUtil.java:52) [<clinit>] - smRuntimeDirectory not specified, will get sm-core-config.properties from classpath
16 Jun 2014 02:01:59 [ERROR] (SalesManagerInterceptor.java:213) [setMerchantStore] - Cannot parse merchantId to Integer null
16 Jun 2014 02:02:01 [ WARN] (CurrencyUtil.java:73) [<clinit>] - Currency AUD is not supported by a Spring module, using GenericCurrency
16 Jun 2014 02:02:01 [ WARN] (CurrencyUtil.java:73) [<clinit>] - Currency GBP is not supported by a Spring module, using GenericCurrency
16 Jun 2014 02:02:01 [ WARN] (CurrencyUtil.java:73) [<clinit>] - Currency JPY is not supported by a Spring module, using GenericCurrency
16 Jun 2014 02:03:34 [ERROR] (SalesManagerInterceptor.java:190) [intercept] - org.apache.tiles.TilesException: ServletException including path '/layout/cartDefault.jsp'.
16 Jun 2014 02:36:01 [ WARN] (PropertiesUtil.java:52) [<clinit>] - smRuntimeDirectory not specified, will get sm-core-config.properties from classpath
16 Jun 2014 02:36:42 [ERROR] (SalesManagerInterceptor.java:213) [setMerchantStore] - Cannot parse merchantId to Integer null
16 Jun 2014 02:36:43 [ERROR] (SalesManagerInterceptor.java:190) [intercept] - java.lang.NullPointerException
16 Jun 2014 02:37:11 [ERROR] (SalesManagerInterceptor.java:190) [intercept] - java.lang.NullPointerException
16 Jun 2014 02:37:36 [ERROR] (SalesManagerInterceptor.java:190) [intercept] - java.lang.NullPointerException
16 Jun 2014 02:37:40 [ERROR] (SalesManagerInterceptor.java:190) [intercept] - java.lang.NullPointerException
16 Jun 2014 02:37:43 [ERROR] (SalesManagerInterceptor.java:190) [intercept] - java.lang.NullPointerException
16 Jun 2014 02:51:06 [ WARN] (PropertiesUtil.java:52) [<clinit>] - smRuntimeDirectory not specified, will get sm-core-config.properties from classpath
16 Jun 2014 02:51:47 [ERROR] (SalesManagerInterceptor.java:213) [setMerchantStore] - Cannot parse merchantId to Integer null
16 Jun 2014 02:51:48 [ERROR] (SalesManagerInterceptor.java:190) [intercept] - java.lang.NullPointerException
16 Jun 2014 02:52:32 [ERROR] (SalesManagerInterceptor.java:190) [intercept] - java.lang.NullPointerException
16 Jun 2014 02:57:52 [ WARN] (PropertiesUtil.java:52) [<clinit>] - smRuntimeDirectory not specified, will get sm-core-config.properties from classpath
16 Jun 2014 02:59:01 [ERROR] (SalesManagerInterceptor.java:213) [setMerchantStore] - Cannot parse merchantId to Integer null
16 Jun 2014 02:59:02 [ERROR] (SalesManagerInterceptor.java:190) [intercept] - java.lang.NullPointerException
16 Jun 2014 03:00:08 [ERROR] (SalesManagerInterceptor.java:190) [intercept] - java.lang.NullPointerException
16 Jun 2014 03:00:24 [ERROR] (SalesManagerInterceptor.java:190) [intercept] - java.lang.NullPointerException
16 Jun 2014 03:00:31 [ERROR] (SalesManagerInterceptor.java:190) [intercept] - java.lang.NullPointerException
16 Jun 2014 03:01:07 [ERROR] (SalesManagerInterceptor.java:190) [intercept] - java.lang.NullPointerException
16 Jun 2014 03:01:11 [ERROR] (SalesManagerInterceptor.java:190) [intercept] - java.lang.NullPointerException
16 Jun 2014 03:01:15 [ERROR] (SalesManagerInterceptor.java:190) [intercept] - java.lang.NullPointerException
16 Jun 2014 03:01:38 [ERROR] (SalesManagerInterceptor.java:190) [intercept] - java.lang.NullPointerException
16 Jun 2014 03:01:45 [ERROR] (SalesManagerInterceptor.java:190) [intercept] - java.lang.NullPointerException
16 Jun 2014 03:02:11 [ERROR] (SalesManagerInterceptor.java:190) [intercept] - java.lang.NullPointerException
16 Jun 2014 03:03:20 [ WARN] (PropertiesUtil.java:52) [<clinit>] - smRuntimeDirectory not specified, will get sm-core-config.properties from classpath
16 Jun 2014 03:04:32 [ERROR] (SalesManagerInterceptor.java:213) [setMerchantStore] - Cannot parse merchantId to Integer null
16 Jun 2014 03:05:17 [ERROR] (SalesManagerInterceptor.java:190) [intercept] - java.lang.NullPointerException
16 Jun 2014 03:14:58 [ERROR] (SalesManagerInterceptor.java:190) [intercept] - java.lang.NullPointerException
16 Jun 2014 03:17:42 [ERROR] (SalesManagerInterceptor.java:190) [intercept] - java.lang.NullPointerException
16 Jun 2014 03:25:11 [ WARN] (PropertiesUtil.java:52) [<clinit>] - smRuntimeDirectory not specified, will get sm-core-config.properties from classpath
16 Jun 2014 03:25:54 [ERROR] (SalesManagerInterceptor.java:213) [setMerchantStore] - Cannot parse merchantId to Integer null
16 Jun 2014 03:26:01 [ERROR] (SalesManagerInterceptor.java:190) [intercept] - org.apache.tiles.TilesException: ServletException including path '/layout/catalogDefault.jsp'.
16 Jun 2014 03:26:27 [ WARN] (CurrencyUtil.java:73) [<clinit>] - Currency AUD is not supported by a Spring module, using GenericCurrency
16 Jun 2014 03:26:27 [ WARN] (CurrencyUtil.java:73) [<clinit>] - Currency GBP is not supported by a Spring module, using GenericCurrency
16 Jun 2014 03:26:27 [ WARN] (CurrencyUtil.java:73) [<clinit>] - Currency JPY is not supported by a Spring module, using GenericCurrency
16 Jun 2014 11:04:31 [ WARN] (PropertiesUtil.java:52) [<clinit>] - smRuntimeDirectory not specified, will get sm-core-config.properties from classpath
16 Jun 2014 11:06:41 [ERROR] (RefCache.java:292) [createCache] - org.springframework.transaction.CannotCreateTransactionException: Could not open Hibernate Session for transaction; nested exception is org.hibernate.exception.GenericJDBCException: Cannot open connection
16 Jun 2014 11:10:36 [ERROR] (SalesManagerInterceptor.java:213) [setMerchantStore] - Cannot parse merchantId to Integer null
16 Jun 2014 11:11:08 [ERROR] (SalesManagerInterceptor.java:190) [intercept] - java.lang.NullPointerException
16 Jun 2014 11:11:12 [ERROR] (TopCategoriesTag.java:125) [doTag] - java.lang.NullPointerException
16 Jun 2014 11:11:39 [ WARN] (PropertiesUtil.java:52) [<clinit>] - smRuntimeDirectory not specified, will get sm-core-config.properties from classpath
16 Jun 2014 11:12:43 [ERROR] (SalesManagerInterceptor.java:213) [setMerchantStore] - Cannot parse merchantId to Integer null
16 Jun 2014 11:13:18 [ WARN] (CurrencyUtil.java:73) [<clinit>] - Currency AUD is not supported by a Spring module, using GenericCurrency
16 Jun 2014 11:13:18 [ WARN] (CurrencyUtil.java:73) [<clinit>] - Currency GBP is not supported by a Spring module, using GenericCurrency
16 Jun 2014 11:13:18 [ WARN] (CurrencyUtil.java:73) [<clinit>] - Currency JPY is not supported by a Spring module, using GenericCurrency
16 Jun 2014 12:10:26 [ WARN] (PropertiesUtil.java:52) [<clinit>] - smRuntimeDirectory not specified, will get sm-core-config.properties from classpath
16 Jun 2014 12:11:20 [ERROR] (SalesManagerInterceptor.java:213) [setMerchantStore] - Cannot parse merchantId to Integer null
16 Jun 2014 12:11:28 [ERROR] (SalesManagerInterceptor.java:190) [intercept] - org.apache.tiles.TilesException: ServletException including path '/layout/catalogDefault.jsp'.
16 Jun 2014 12:11:38 [ERROR] (SalesManagerInterceptor.java:190) [intercept] - org.apache.tiles.TilesException: ServletException including path '/layout/catalogDefault.jsp'.
16 Jun 2014 12:11:54 [ WARN] (CurrencyUtil.java:73) [<clinit>] - Currency AUD is not supported by a Spring module, using GenericCurrency
16 Jun 2014 12:11:54 [ WARN] (CurrencyUtil.java:73) [<clinit>] - Currency GBP is not supported by a Spring module, using GenericCurrency
16 Jun 2014 12:11:54 [ WARN] (CurrencyUtil.java:73) [<clinit>] - Currency JPY is not supported by a Spring module, using GenericCurrency
16 Jun 2014 12:22:05 [ WARN] (PropertiesUtil.java:52) [<clinit>] - smRuntimeDirectory not specified, will get sm-core-config.properties from classpath
16 Jun 2014 12:24:17 [ERROR] (SalesManagerInterceptor.java:213) [setMerchantStore] - Cannot parse merchantId to Integer null
16 Jun 2014 12:24:45 [ WARN] (CurrencyUtil.java:73) [<clinit>] - Currency AUD is not supported by a Spring module, using GenericCurrency
16 Jun 2014 12:24:45 [ WARN] (CurrencyUtil.java:73) [<clinit>] - Currency GBP is not supported by a Spring module, using GenericCurrency
16 Jun 2014 12:24:45 [ WARN] (CurrencyUtil.java:73) [<clinit>] - Currency JPY is not supported by a Spring module, using GenericCurrency
16 Jun 2014 13:38:34 [ WARN] (PropertiesUtil.java:52) [<clinit>] - smRuntimeDirectory not specified, will get sm-core-config.properties from classpath
16 Jun 2014 13:39:10 [ERROR] (SalesManagerInterceptor.java:213) [setMerchantStore] - Cannot parse merchantId to Integer null
16 Jun 2014 13:39:19 [ WARN] (CurrencyUtil.java:73) [<clinit>] - Currency AUD is not supported by a Spring module, using GenericCurrency
16 Jun 2014 13:39:19 [ WARN] (CurrencyUtil.java:73) [<clinit>] - Currency GBP is not supported by a Spring module, using GenericCurrency
16 Jun 2014 13:39:19 [ WARN] (CurrencyUtil.java:73) [<clinit>] - Currency JPY is not supported by a Spring module, using GenericCurrency
16 Jun 2014 13:43:42 [ WARN] (PropertiesUtil.java:52) [<clinit>] - smRuntimeDirectory not specified, will get sm-core-config.properties from classpath
16 Jun 2014 13:44:15 [ERROR] (SalesManagerInterceptor.java:213) [setMerchantStore] - Cannot parse merchantId to Integer null
16 Jun 2014 13:44:17 [ERROR] (SalesManagerInterceptor.java:190) [intercept] - org.apache.tiles.TilesException: ServletException including path '/layout/catalogDefault.jsp'.
16 Jun 2014 13:44:25 [ WARN] (CurrencyUtil.java:73) [<clinit>] - Currency AUD is not supported by a Spring module, using GenericCurrency
16 Jun 2014 13:44:25 [ WARN] (CurrencyUtil.java:73) [<clinit>] - Currency GBP is not supported by a Spring module, using GenericCurrency
16 Jun 2014 13:44:25 [ WARN] (CurrencyUtil.java:73) [<clinit>] - Currency JPY is not supported by a Spring module, using GenericCurrency
16 Jun 2014 14:00:55 [ WARN] (PropertiesUtil.java:52) [<clinit>] - smRuntimeDirectory not specified, will get sm-core-config.properties from classpath
16 Jun 2014 14:01:19 [ERROR] (SalesManagerInterceptor.java:213) [setMerchantStore] - Cannot parse merchantId to Integer null
16 Jun 2014 14:01:28 [ WARN] (CurrencyUtil.java:73) [<clinit>] - Currency AUD is not supported by a Spring module, using GenericCurrency
16 Jun 2014 14:01:28 [ WARN] (CurrencyUtil.java:73) [<clinit>] - Currency GBP is not supported by a Spring module, using GenericCurrency
16 Jun 2014 14:01:28 [ WARN] (CurrencyUtil.java:73) [<clinit>] - Currency JPY is not supported by a Spring module, using GenericCurrency
16 Jun 2014 14:04:46 [ WARN] (PropertiesUtil.java:52) [<clinit>] - smRuntimeDirectory not specified, will get sm-core-config.properties from classpath
16 Jun 2014 14:05:08 [ERROR] (SalesManagerInterceptor.java:213) [setMerchantStore] - Cannot parse merchantId to Integer null
16 Jun 2014 14:05:17 [ WARN] (CurrencyUtil.java:73) [<clinit>] - Currency AUD is not supported by a Spring module, using GenericCurrency
16 Jun 2014 14:05:17 [ WARN] (CurrencyUtil.java:73) [<clinit>] - Currency GBP is not supported by a Spring module, using GenericCurrency
16 Jun 2014 14:05:17 [ WARN] (CurrencyUtil.java:73) [<clinit>] - Currency JPY is not supported by a Spring module, using GenericCurrency
16 Jun 2014 14:51:06 [ WARN] (PropertiesUtil.java:52) [<clinit>] - smRuntimeDirectory not specified, will get sm-core-config.properties from classpath
16 Jun 2014 14:51:28 [ERROR] (SalesManagerInterceptor.java:213) [setMerchantStore] - Cannot parse merchantId to Integer null
16 Jun 2014 14:51:30 [ERROR] (SalesManagerInterceptor.java:190) [intercept] - org.apache.tiles.TilesException: ServletException including path '/layout/catalogDefault.jsp'.
16 Jun 2014 14:51:38 [ WARN] (CurrencyUtil.java:73) [<clinit>] - Currency AUD is not supported by a Spring module, using GenericCurrency
16 Jun 2014 14:51:38 [ WARN] (CurrencyUtil.java:73) [<clinit>] - Currency GBP is not supported by a Spring module, using GenericCurrency
16 Jun 2014 14:51:38 [ WARN] (CurrencyUtil.java:73) [<clinit>] - Currency JPY is not supported by a Spring module, using GenericCurrency
16 Jun 2014 20:22:55 [ WARN] (PropertiesUtil.java:52) [<clinit>] - smRuntimeDirectory not specified, will get sm-core-config.properties from classpath
16 Jun 2014 20:23:31 [ERROR] (SalesManagerInterceptor.java:213) [setMerchantStore] - Cannot parse merchantId to Integer null
16 Jun 2014 20:23:35 [ERROR] (SalesManagerInterceptor.java:190) [intercept] - org.apache.tiles.TilesException: ServletException including path '/layout/catalogDefault.jsp'.
16 Jun 2014 20:23:37 [ERROR] (SalesManagerInterceptor.java:190) [intercept] - org.apache.tiles.TilesException: ServletException including path '/layout/catalogDefault.jsp'.
16 Jun 2014 20:23:41 [ERROR] (SalesManagerInterceptor.java:190) [intercept] - org.apache.tiles.TilesException: ServletException including path '/layout/catalogDefault.jsp'.
16 Jun 2014 20:25:12 [ WARN] (PropertiesUtil.java:52) [<clinit>] - smRuntimeDirectory not specified, will get sm-core-config.properties from classpath
16 Jun 2014 20:26:02 [ERROR] (SalesManagerInterceptor.java:213) [setMerchantStore] - Cannot parse merchantId to Integer null
16 Jun 2014 20:26:45 [ERROR] (SalesManagerInterceptor.java:190) [intercept] - org.apache.tiles.TilesException: ServletException including path '/layout/catalogDefault.jsp'.
16 Jun 2014 20:28:08 [ WARN] (CurrencyUtil.java:73) [<clinit>] - Currency AUD is not supported by a Spring module, using GenericCurrency
16 Jun 2014 20:28:08 [ WARN] (CurrencyUtil.java:73) [<clinit>] - Currency GBP is not supported by a Spring module, using GenericCurrency
16 Jun 2014 20:28:08 [ WARN] (CurrencyUtil.java:73) [<clinit>] - Currency JPY is not supported by a Spring module, using GenericCurrency
16 Jun 2014 20:33:17 [ WARN] (PropertiesUtil.java:52) [<clinit>] - smRuntimeDirectory not specified, will get sm-core-config.properties from classpath
16 Jun 2014 20:33:44 [ERROR] (SalesManagerInterceptor.java:213) [setMerchantStore] - Cannot parse merchantId to Integer null
16 Jun 2014 20:33:46 [ERROR] (SalesManagerInterceptor.java:190) [intercept] - org.apache.tiles.TilesException: ServletException including path '/layout/catalogDefault.jsp'.
16 Jun 2014 20:34:14 [ WARN] (CurrencyUtil.java:73) [<clinit>] - Currency AUD is not supported by a Spring module, using GenericCurrency
16 Jun 2014 20:34:14 [ WARN] (CurrencyUtil.java:73) [<clinit>] - Currency GBP is not supported by a Spring module, using GenericCurrency
16 Jun 2014 20:34:14 [ WARN] (CurrencyUtil.java:73) [<clinit>] - Currency JPY is not supported by a Spring module, using GenericCurrency
16 Jun 2014 20:40:49 [ WARN] (PropertiesUtil.java:52) [<clinit>] - smRuntimeDirectory not specified, will get sm-core-config.properties from classpath
16 Jun 2014 20:41:12 [ERROR] (SalesManagerInterceptor.java:213) [setMerchantStore] - Cannot parse merchantId to Integer null
16 Jun 2014 20:41:25 [ WARN] (CurrencyUtil.java:73) [<clinit>] - Currency AUD is not supported by a Spring module, using GenericCurrency
16 Jun 2014 20:41:25 [ WARN] (CurrencyUtil.java:73) [<clinit>] - Currency GBP is not supported by a Spring module, using GenericCurrency
16 Jun 2014 20:41:25 [ WARN] (CurrencyUtil.java:73) [<clinit>] - Currency JPY is not supported by a Spring module, using GenericCurrency
16 Jun 2014 20:49:59 [ WARN] (PropertiesUtil.java:52) [<clinit>] - smRuntimeDirectory not specified, will get sm-core-config.properties from classpath
16 Jun 2014 20:50:50 [ WARN] (PropertiesUtil.java:52) [<clinit>] - smRuntimeDirectory not specified, will get sm-core-config.properties from classpath
16 Jun 2014 20:51:23 [ERROR] (SalesManagerInterceptor.java:213) [setMerchantStore] - Cannot parse merchantId to Integer null
16 Jun 2014 21:08:09 [ WARN] (CurrencyUtil.java:73) [<clinit>] - Currency AUD is not supported by a Spring module, using GenericCurrency
16 Jun 2014 21:08:09 [ WARN] (CurrencyUtil.java:73) [<clinit>] - Currency GBP is not supported by a Spring module, using GenericCurrency
16 Jun 2014 21:08:09 [ WARN] (CurrencyUtil.java:73) [<clinit>] - Currency JPY is not supported by a Spring module, using GenericCurrency
16 Jun 2014 21:30:06 [ WARN] (PropertiesUtil.java:52) [<clinit>] - smRuntimeDirectory not specified, will get sm-core-config.properties from classpath
16 Jun 2014 21:31:44 [ERROR] (SalesManagerInterceptor.java:213) [setMerchantStore] - Cannot parse merchantId to Integer null
16 Jun 2014 21:31:50 [ERROR] (SalesManagerInterceptor.java:190) [intercept] - org.apache.tiles.TilesException: ServletException including path '/layout/catalogDefault.jsp'.
16 Jun 2014 21:31:55 [ERROR] (SalesManagerInterceptor.java:190) [intercept] - org.apache.tiles.TilesException: ServletException including path '/layout/catalogDefault.jsp'.
16 Jun 2014 21:31:58 [ERROR] (SalesManagerInterceptor.java:190) [intercept] - org.apache.tiles.TilesException: ServletException including path '/layout/catalogDefault.jsp'.
16 Jun 2014 21:32:01 [ERROR] (SalesManagerInterceptor.java:190) [intercept] - org.apache.tiles.TilesException: ServletException including path '/layout/catalogDefault.jsp'.
16 Jun 2014 21:32:03 [ERROR] (SalesManagerInterceptor.java:190) [intercept] - org.apache.tiles.TilesException: ServletException including path '/layout/catalogDefault.jsp'.
16 Jun 2014 21:32:08 [ERROR] (SalesManagerInterceptor.java:190) [intercept] - org.apache.tiles.TilesException: ServletException including path '/layout/catalogDefault.jsp'.
16 Jun 2014 21:32:33 [ WARN] (PropertiesUtil.java:52) [<clinit>] - smRuntimeDirectory not specified, will get sm-core-config.properties from classpath
16 Jun 2014 21:33:12 [ERROR] (SalesManagerInterceptor.java:213) [setMerchantStore] - Cannot parse merchantId to Integer null
16 Jun 2014 21:33:19 [ERROR] (SalesManagerInterceptor.java:190) [intercept] - org.apache.tiles.TilesException: ServletException including path '/layout/catalogDefault.jsp'.
16 Jun 2014 21:33:24 [ERROR] (SalesManagerInterceptor.java:190) [intercept] - org.apache.tiles.TilesException: ServletException including path '/layout/catalogDefault.jsp'.
16 Jun 2014 21:33:26 [ERROR] (SalesManagerInterceptor.java:190) [intercept] - org.apache.tiles.TilesException: ServletException including path '/layout/catalogDefault.jsp'.
16 Jun 2014 21:34:48 [ERROR] (SalesManagerInterceptor.java:190) [intercept] - org.apache.tiles.TilesException: ServletException including path '/layout/catalogDefault.jsp'.
16 Jun 2014 21:34:52 [ERROR] (SalesManagerInterceptor.java:190) [intercept] - org.apache.tiles.TilesException: ServletException including path '/layout/catalogDefault.jsp'.
16 Jun 2014 21:34:54 [ERROR] (SalesManagerInterceptor.java:190) [intercept] - org.apache.tiles.TilesException: ServletException including path '/layout/catalogDefault.jsp'.
16 Jun 2014 21:34:55 [ERROR] (SalesManagerInterceptor.java:190) [intercept] - org.apache.tiles.TilesException: ServletException including path '/layout/catalogDefault.jsp'.
16 Jun 2014 21:34:55 [ERROR] (SalesManagerInterceptor.java:190) [intercept] - org.apache.tiles.TilesException: ServletException including path '/layout/catalogDefault.jsp'.
16 Jun 2014 21:34:55 [ERROR] (SalesManagerInterceptor.java:190) [intercept] - org.apache.tiles.TilesException: ServletException including path '/layout/catalogDefault.jsp'.
16 Jun 2014 21:34:55 [ERROR] (SalesManagerInterceptor.java:190) [intercept] - org.apache.tiles.TilesException: ServletException including path '/layout/catalogDefault.jsp'.
16 Jun 2014 21:34:55 [ERROR] (SalesManagerInterceptor.java:190) [intercept] - org.apache.tiles.TilesException: ServletException including path '/layout/catalogDefault.jsp'.
16 Jun 2014 21:34:56 [ERROR] (SalesManagerInterceptor.java:190) [intercept] - org.apache.tiles.TilesException: ServletException including path '/layout/catalogDefault.jsp'.
16 Jun 2014 21:34:56 [ERROR] (SalesManagerInterceptor.java:190) [intercept] - org.apache.tiles.TilesException: ServletException including path '/layout/catalogDefault.jsp'.
16 Jun 2014 21:34:56 [ERROR] (SalesManagerInterceptor.java:190) [intercept] - org.apache.tiles.TilesException: ServletException including path '/layout/catalogDefault.jsp'.
16 Jun 2014 21:34:56 [ERROR] (SalesManagerInterceptor.java:190) [intercept] - org.apache.tiles.TilesException: ServletException including path '/layout/catalogDefault.jsp'.
16 Jun 2014 21:34:58 [ERROR] (SalesManagerInterceptor.java:190) [intercept] - org.apache.tiles.TilesException: ServletException including path '/layout/catalogDefault.jsp'.
16 Jun 2014 21:34:58 [ERROR] (SalesManagerInterceptor.java:190) [intercept] - org.apache.tiles.TilesException: ServletException including path '/layout/catalogDefault.jsp'.
16 Jun 2014 21:34:58 [ERROR] (SalesManagerInterceptor.java:190) [intercept] - org.apache.tiles.TilesException: ServletException including path '/layout/catalogDefault.jsp'.
16 Jun 2014 21:34:58 [ERROR] (SalesManagerInterceptor.java:190) [intercept] - org.apache.tiles.TilesException: ServletException including path '/layout/catalogDefault.jsp'.
16 Jun 2014 21:34:58 [ERROR] (SalesManagerInterceptor.java:190) [intercept] - org.apache.tiles.TilesException: ServletException including path '/layout/catalogDefault.jsp'.
16 Jun 2014 21:34:58 [ERROR] (SalesManagerInterceptor.java:190) [intercept] - org.apache.tiles.TilesException: ServletException including path '/layout/catalogDefault.jsp'.
16 Jun 2014 21:34:58 [ERROR] (SalesManagerInterceptor.java:190) [intercept] - org.apache.tiles.TilesException: ServletException including path '/layout/catalogDefault.jsp'.
16 Jun 2014 21:34:58 [ERROR] (SalesManagerInterceptor.java:190) [intercept] - org.apache.tiles.TilesException: ServletException including path '/layout/catalogDefault.jsp'.
16 Jun 2014 21:34:58 [ERROR] (SalesManagerInterceptor.java:190) [intercept] - org.apache.tiles.TilesException: ServletException including path '/layout/catalogDefault.jsp'.
16 Jun 2014 21:34:59 [ERROR] (SalesManagerInterceptor.java:190) [intercept] - org.apache.tiles.TilesException: ServletException including path '/layout/catalogDefault.jsp'.
16 Jun 2014 21:34:59 [ERROR] (SalesManagerInterceptor.java:190) [intercept] - org.apache.tiles.TilesException: ServletException including path '/layout/catalogDefault.jsp'.
16 Jun 2014 21:34:59 [ERROR] (SalesManagerInterceptor.java:190) [intercept] - org.apache.tiles.TilesException: ServletException including path '/layout/catalogDefault.jsp'.
16 Jun 2014 21:34:59 [ERROR] (SalesManagerInterceptor.java:190) [intercept] - org.apache.tiles.TilesException: ServletException including path '/layout/catalogDefault.jsp'.
16 Jun 2014 21:35:40 [ERROR] (SalesManagerInterceptor.java:190) [intercept] - org.apache.tiles.TilesException: ServletException including path '/layout/catalogDefault.jsp'.
16 Jun 2014 21:35:40 [ERROR] (SalesManagerInterceptor.java:190) [intercept] - org.apache.tiles.TilesException: ServletException including path '/layout/catalogDefault.jsp'.
16 Jun 2014 21:35:43 [ERROR] (SalesManagerInterceptor.java:190) [intercept] - org.apache.tiles.TilesException: ServletException including path '/layout/catalogDefault.jsp'.
16 Jun 2014 21:35:43 [ERROR] (SalesManagerInterceptor.java:190) [intercept] - org.apache.tiles.TilesException: ServletException including path '/layout/catalogDefault.jsp'.
16 Jun 2014 21:35:47 [ERROR] (SalesManagerInterceptor.java:190) [intercept] - org.apache.tiles.TilesException: ServletException including path '/layout/catalogDefault.jsp'.
16 Jun 2014 21:35:47 [ERROR] (SalesManagerInterceptor.java:190) [intercept] - org.apache.tiles.TilesException: ServletException including path '/layout/catalogDefault.jsp'.
16 Jun 2014 21:36:48 [ WARN] (PropertiesUtil.java:52) [<clinit>] - smRuntimeDirectory not specified, will get sm-core-config.properties from classpath
16 Jun 2014 21:37:24 [ERROR] (SalesManagerInterceptor.java:213) [setMerchantStore] - Cannot parse merchantId to Integer null
16 Jun 2014 21:37:28 [ERROR] (SalesManagerInterceptor.java:190) [intercept] - org.apache.tiles.TilesException: ServletException including path '/layout/catalogDefault.jsp'.
16 Jun 2014 21:38:31 [ERROR] (SalesManagerInterceptor.java:190) [intercept] - org.apache.tiles.TilesException: ServletException including path '/layout/catalogDefault.jsp'.
16 Jun 2014 21:38:36 [ERROR] (SalesManagerInterceptor.java:190) [intercept] - org.apache.tiles.TilesException: ServletException including path '/layout/catalogDefault.jsp'.
16 Jun 2014 21:38:40 [ WARN] (CurrencyUtil.java:73) [<clinit>] - Currency AUD is not supported by a Spring module, using GenericCurrency
16 Jun 2014 21:38:40 [ WARN] (CurrencyUtil.java:73) [<clinit>] - Currency GBP is not supported by a Spring module, using GenericCurrency
16 Jun 2014 21:38:40 [ WARN] (CurrencyUtil.java:73) [<clinit>] - Currency JPY is not supported by a Spring module, using GenericCurrency
16 Jun 2014 21:49:00 [ WARN] (PropertiesUtil.java:52) [<clinit>] - smRuntimeDirectory not specified, will get sm-core-config.properties from classpath
16 Jun 2014 21:50:04 [ERROR] (SalesManagerInterceptor.java:213) [setMerchantStore] - Cannot parse merchantId to Integer null
16 Jun 2014 21:50:13 [ERROR] (SalesManagerInterceptor.java:190) [intercept] - org.apache.tiles.TilesException: ServletException including path '/layout/catalogDefault.jsp'.
16 Jun 2014 21:50:27 [ERROR] (SalesManagerInterceptor.java:190) [intercept] - org.apache.tiles.TilesException: ServletException including path '/layout/catalogDefault.jsp'.
16 Jun 2014 21:50:28 [ERROR] (SalesManagerInterceptor.java:190) [intercept] - org.apache.tiles.TilesException: ServletException including path '/layout/catalogDefault.jsp'.
16 Jun 2014 21:51:10 [ WARN] (PropertiesUtil.java:52) [<clinit>] - smRuntimeDirectory not specified, will get sm-core-config.properties from classpath
16 Jun 2014 21:51:48 [ERROR] (SalesManagerInterceptor.java:213) [setMerchantStore] - Cannot parse merchantId to Integer null
16 Jun 2014 21:51:56 [ERROR] (SalesManagerInterceptor.java:190) [intercept] - org.apache.tiles.TilesException: ServletException including path '/layout/catalogDefault.jsp'.
16 Jun 2014 21:52:00 [ERROR] (SalesManagerInterceptor.java:190) [intercept] - org.apache.tiles.TilesException: ServletException including path '/layout/catalogDefault.jsp'.
16 Jun 2014 21:52:02 [ERROR] (SalesManagerInterceptor.java:190) [intercept] - org.apache.tiles.TilesException: ServletException including path '/layout/catalogDefault.jsp'.
16 Jun 2014 21:52:04 [ERROR] (SalesManagerInterceptor.java:190) [intercept] - org.apache.tiles.TilesException: ServletException including path '/layout/catalogDefault.jsp'.
16 Jun 2014 21:52:08 [ERROR] (SalesManagerInterceptor.java:190) [intercept] - org.apache.tiles.TilesException: ServletException including path '/layout/catalogDefault.jsp'.
16 Jun 2014 21:52:09 [ERROR] (SalesManagerInterceptor.java:190) [intercept] - org.apache.tiles.TilesException: ServletException including path '/layout/catalogDefault.jsp'.
16 Jun 2014 21:52:10 [ERROR] (SalesManagerInterceptor.java:190) [intercept] - org.apache.tiles.TilesException: ServletException including path '/layout/catalogDefault.jsp'.
16 Jun 2014 21:52:10 [ERROR] (SalesManagerInterceptor.java:190) [intercept] - org.apache.tiles.TilesException: ServletException including path '/layout/catalogDefault.jsp'.
16 Jun 2014 21:52:10 [ERROR] (SalesManagerInterceptor.java:190) [intercept] - org.apache.tiles.TilesException: ServletException including path '/layout/catalogDefault.jsp'.
16 Jun 2014 21:52:10 [ERROR] (SalesManagerInterceptor.java:190) [intercept] - org.apache.tiles.TilesException: ServletException including path '/layout/catalogDefault.jsp'.
16 Jun 2014 21:52:11 [ERROR] (SalesManagerInterceptor.java:190) [intercept] - org.apache.tiles.TilesException: ServletException including path '/layout/catalogDefault.jsp'.
16 Jun 2014 22:06:06 [ERROR] (SalesManagerInterceptor.java:190) [intercept] - org.apache.tiles.TilesException: ServletException including path '/layout/catalogDefault.jsp'.
16 Jun 2014 22:06:09 [ERROR] (SalesManagerInterceptor.java:190) [intercept] - org.apache.tiles.TilesException: ServletException including path '/layout/catalogDefault.jsp'.
16 Jun 2014 22:06:29 [ WARN] (PropertiesUtil.java:52) [<clinit>] - smRuntimeDirectory not specified, will get sm-core-config.properties from classpath
16 Jun 2014 22:07:24 [ERROR] (SalesManagerInterceptor.java:213) [setMerchantStore] - Cannot parse merchantId to Integer null
16 Jun 2014 22:07:37 [ WARN] (CurrencyUtil.java:73) [<clinit>] - Currency AUD is not supported by a Spring module, using GenericCurrency
16 Jun 2014 22:07:37 [ WARN] (CurrencyUtil.java:73) [<clinit>] - Currency GBP is not supported by a Spring module, using GenericCurrency
16 Jun 2014 22:07:37 [ WARN] (CurrencyUtil.java:73) [<clinit>] - Currency JPY is not supported by a Spring module, using GenericCurrency
16 Jun 2014 22:09:53 [ WARN] (PropertiesUtil.java:52) [<clinit>] - smRuntimeDirectory not specified, will get sm-core-config.properties from classpath
16 Jun 2014 22:10:25 [ERROR] (SalesManagerInterceptor.java:213) [setMerchantStore] - Cannot parse merchantId to Integer null
16 Jun 2014 22:10:28 [ERROR] (SalesManagerInterceptor.java:190) [intercept] - org.apache.tiles.TilesException: ServletException including path '/layout/catalogDefault.jsp'.
16 Jun 2014 22:10:34 [ WARN] (CurrencyUtil.java:73) [<clinit>] - Currency AUD is not supported by a Spring module, using GenericCurrency
16 Jun 2014 22:10:34 [ WARN] (CurrencyUtil.java:73) [<clinit>] - Currency GBP is not supported by a Spring module, using GenericCurrency
16 Jun 2014 22:10:34 [ WARN] (CurrencyUtil.java:73) [<clinit>] - Currency JPY is not supported by a Spring module, using GenericCurrency
16 Jun 2014 22:15:49 [ERROR] (SalesManagerInterceptor.java:190) [intercept] - java.lang.Exception: Invalid parameters in request /product/
17 Jun 2014 00:39:31 [ WARN] (PropertiesUtil.java:52) [<clinit>] - smRuntimeDirectory not specified, will get sm-core-config.properties from classpath
17 Jun 2014 00:40:02 [ERROR] (SalesManagerInterceptor.java:213) [setMerchantStore] - Cannot parse merchantId to Integer null
17 Jun 2014 00:45:11 [ WARN] (CurrencyUtil.java:73) [<clinit>] - Currency AUD is not supported by a Spring module, using GenericCurrency
17 Jun 2014 00:45:11 [ WARN] (CurrencyUtil.java:73) [<clinit>] - Currency GBP is not supported by a Spring module, using GenericCurrency
17 Jun 2014 00:45:11 [ WARN] (CurrencyUtil.java:73) [<clinit>] - Currency JPY is not supported by a Spring module, using GenericCurrency
17 Jun 2014 01:06:46 [ WARN] (PropertiesUtil.java:52) [<clinit>] - smRuntimeDirectory not specified, will get sm-core-config.properties from classpath
17 Jun 2014 01:18:34 [ERROR] (SalesManagerInterceptor.java:213) [setMerchantStore] - Cannot parse merchantId to Integer null
17 Jun 2014 01:18:45 [ERROR] (SalesManagerInterceptor.java:190) [intercept] - org.apache.tiles.TilesException: ServletException including path '/layout/catalogDefault.jsp'.
17 Jun 2014 01:19:08 [ERROR] (SalesManagerInterceptor.java:190) [intercept] - org.apache.tiles.TilesException: ServletException including path '/layout/catalogDefault.jsp'.
17 Jun 2014 01:19:15 [ WARN] (CurrencyUtil.java:73) [<clinit>] - Currency AUD is not supported by a Spring module, using GenericCurrency
17 Jun 2014 01:19:15 [ WARN] (CurrencyUtil.java:73) [<clinit>] - Currency GBP is not supported by a Spring module, using GenericCurrency
17 Jun 2014 01:19:15 [ WARN] (CurrencyUtil.java:73) [<clinit>] - Currency JPY is not supported by a Spring module, using GenericCurrency
17 Jun 2014 01:19:36 [ERROR] (SalesManagerInterceptor.java:190) [intercept] - java.lang.Exception: Invalid parameters in request /product/
17 Jun 2014 01:37:56 [ WARN] (PropertiesUtil.java:52) [<clinit>] - smRuntimeDirectory not specified, will get sm-core-config.properties from classpath
17 Jun 2014 01:41:14 [ERROR] (SalesManagerInterceptor.java:213) [setMerchantStore] - Cannot parse merchantId to Integer null
17 Jun 2014 01:48:38 [ WARN] (PropertiesUtil.java:52) [<clinit>] - smRuntimeDirectory not specified, will get sm-core-config.properties from classpath
17 Jun 2014 01:49:18 [ERROR] (SalesManagerInterceptor.java:213) [setMerchantStore] - Cannot parse merchantId to Integer null
17 Jun 2014 01:49:25 [ERROR] (SalesManagerInterceptor.java:190) [intercept] - org.apache.tiles.TilesException: ServletException including path '/layout/catalogDefault.jsp'.
17 Jun 2014 01:49:30 [ERROR] (SalesManagerInterceptor.java:213) [setMerchantStore] - Cannot parse merchantId to Integer null
17 Jun 2014 01:49:30 [ERROR] (SalesManagerInterceptor.java:213) [setMerchantStore] - Cannot parse merchantId to Integer null
17 Jun 2014 01:49:31 [ERROR] (SalesManagerInterceptor.java:213) [setMerchantStore] - Cannot parse merchantId to Integer null
17 Jun 2014 01:52:42 [ WARN] (CurrencyUtil.java:73) [<clinit>] - Currency AUD is not supported by a Spring module, using GenericCurrency
17 Jun 2014 01:52:42 [ WARN] (CurrencyUtil.java:73) [<clinit>] - Currency GBP is not supported by a Spring module, using GenericCurrency
17 Jun 2014 01:52:42 [ WARN] (CurrencyUtil.java:73) [<clinit>] - Currency JPY is not supported by a Spring module, using GenericCurrency
17 Jun 2014 09:10:34 [ WARN] (PropertiesUtil.java:52) [<clinit>] - smRuntimeDirectory not specified, will get sm-core-config.properties from classpath
17 Jun 2014 09:11:27 [ERROR] (SalesManagerInterceptor.java:213) [setMerchantStore] - Cannot parse merchantId to Integer null
17 Jun 2014 09:11:28 [ERROR] (SalesManagerInterceptor.java:190) [intercept] - org.apache.tiles.TilesException: ServletException including path '/layout/catalogDefault.jsp'.
17 Jun 2014 09:52:56 [ WARN] (PropertiesUtil.java:52) [<clinit>] - smRuntimeDirectory not specified, will get sm-core-config.properties from classpath
17 Jun 2014 10:06:55 [ERROR] (SalesManagerInterceptor.java:213) [setMerchantStore] - Cannot parse merchantId to Integer null
17 Jun 2014 10:08:32 [ WARN] (CurrencyUtil.java:73) [<clinit>] - Currency AUD is not supported by a Spring module, using GenericCurrency
17 Jun 2014 10:08:32 [ WARN] (CurrencyUtil.java:73) [<clinit>] - Currency GBP is not supported by a Spring module, using GenericCurrency
17 Jun 2014 10:08:32 [ WARN] (CurrencyUtil.java:73) [<clinit>] - Currency JPY is not supported by a Spring module, using GenericCurrency
17 Jun 2014 14:13:48 [ WARN] (PropertiesUtil.java:52) [<clinit>] - smRuntimeDirectory not specified, will get sm-core-config.properties from classpath
17 Jun 2014 14:17:26 [ERROR] (SalesManagerInterceptor.java:213) [setMerchantStore] - Cannot parse merchantId to Integer null
17 Jun 2014 14:17:26 [ERROR] (SalesManagerInterceptor.java:223) [setMerchantStore] - MerchantStore does not exist for merchantId null
19 Jun 2014 01:53:49 [ WARN] (PropertiesUtil.java:52) [<clinit>] - smRuntimeDirectory not specified, will get sm-core-config.properties from classpath
19 Jun 2014 01:57:58 [ WARN] (PropertiesUtil.java:52) [<clinit>] - smRuntimeDirectory not specified, will get sm-core-config.properties from classpath
19 Jun 2014 02:01:30 [ WARN] (PropertiesUtil.java:52) [<clinit>] - smRuntimeDirectory not specified, will get sm-core-config.properties from classpath
19 Jun 2014 11:35:17 [ WARN] (PropertiesUtil.java:52) [<clinit>] - smRuntimeDirectory not specified, will get sm-core-config.properties from classpath
