/*C81*/SET SCHEMA SALESMANAGER
DELETE FROM "CENTRAL_SEQUENCER" WHERE "CENTRAL_SEQUENCER_ID"=1
INSERT INTO "CENTRAL_SEQUENCER" VALUES(1,10,10,13,10,11,13,10,10,10,10,20,10,10,10,10,10,10,10,10,10,10,10,10,10,20,15,10,10,2,10,10,10,10,10,10,10,10,10,10,200,200)
COMMIT
/*C80*/SET SCHEMA SALESMANAGER
INSERT INTO "MERCHANT_CONFIGURATION" VALUES(36,1,'MODULE_TAX_SCHEME','0',NULL,NULL,'2014-06-16 23:36:28.991000','2014-06-16 23:36:28.991000',NULL,NULL)
COMMIT
/*C81*/INSERT INTO "MERCHANT_CONFIGURATION" VALUES(37,1,'MODULE_TAX_BASIS','Shipping',NULL,NULL,'2014-06-16 23:36:29.044000','2014-06-16 23:36:29.044000',NULL,NULL)
COMMIT
DELETE FROM "CENTRAL_SEQUENCER" WHERE "CENTRAL_SEQUENCER_ID"=1
INSERT INTO "CENTRAL_SEQUENCER" VALUES(1,10,10,14,10,11,13,10,10,10,10,20,10,10,10,10,10,10,10,10,10,10,10,10,10,20,15,10,10,2,10,10,10,10,10,10,10,10,10,10,200,200)
COMMIT
/*C80*/INSERT INTO "MERCHANT_CONFIGURATION" VALUES(38,1,'SHP_ZONES_INDCCOSTS',NULL,'IN|*|*|*|*','5:0;10:0;99:0|*|*|*|*','2014-06-16 23:38:56.939000','2014-06-16 23:38:56.939000','',NULL)
INSERT INTO "MERCHANT_CONFIGURATION" VALUES(39,1,'SHP_ZONES_SHIPPING','domestic',NULL,NULL,'2014-06-16 23:38:56.939000','2014-06-16 23:38:56.939000','',NULL)
COMMIT
/*C81*/INSERT INTO "MERCHANT_CONFIGURATION" VALUES(40,1,'SHP_MD_DISP_RTQT',NULL,'1','0','2014-06-16 23:38:56.979000','2014-06-16 23:38:56.979000',NULL,NULL)
COMMIT
DELETE FROM "PAGE" WHERE "PAGE_ID"=200
INSERT INTO "PAGE" VALUES(200,1,NULL,'FB',NULL,TRUE,TRUE,FALSE,1,'basic.jsp','803891892955660',NULL,'5fd784650fffc686efd5620080eca327','','http://apps.facebook.com/yourstorename',NULL,NULL,NULL,NULL)
COMMIT
/*C80*/DELETE FROM "MERCHANT_STORE" WHERE "MERCHANTID"=1
INSERT INTO "MERCHANT_STORE" VALUES(1,'AdityaOnline',99,'maharashtra','','USD',0,'shruti-hassan-hot-cleavage-gallery-7.jpg','vyd4izs.jpg','9819956717','aditya_21_10@yahoo.com','http://localhost:8083/sm-shop','vashi','mumbai','400078','en','KG','CM','2014-06-17 00:35:36.165000','2014-06-16 00:00:00.000000','decotemplate',NULL,FALSE,'en','localhost:8083')
COMMIT
DELETE FROM "MERCHANT_STORE" WHERE "MERCHANTID"=1
INSERT INTO "MERCHANT_STORE" VALUES(1,'AdityaOnline',99,'maharashtra','','USD',0,'shruti-hassan-hot-cleavage-gallery-7.jpg','vyd4izs.jpg','9819956717','aditya_21_10@yahoo.com','http://localhost:8083/sm-shop','vashi','mumbai','400078','en','KG','CM','2014-06-17 00:35:48.230000','2014-06-16 00:00:00.000000','decotemplate',NULL,FALSE,'en','localhost:8083')
COMMIT
/*C82*/SET SCHEMA SALESMANAGER
DISCONNECT
/*C81*/DISCONNECT
/*C80*/DISCONNECT
/*C83*/SET SCHEMA SALESMANAGER
DISCONNECT
/*C85*/SET SCHEMA SALESMANAGER
DISCONNECT
/*C84*/SET SCHEMA SALESMANAGER
DISCONNECT
/*C86*/SET SCHEMA SALESMANAGER
DELETE FROM "DYNAMIC_LABEL" WHERE "DYNAMIC_LABEL_ID"=38
INSERT INTO "DYNAMIC_LABEL" VALUES(38,1,'',NULL,80,TRUE,1,NULL)
COMMIT
DELETE FROM "DYNAMIC_LABEL" WHERE "DYNAMIC_LABEL_ID"=38
INSERT INTO "DYNAMIC_LABEL" VALUES(38,1,'','altAsexnilAuL7HCKNiwOfmzwYQ-Zp2OUUjicxSZNF1GaHt.jpg',80,TRUE,1,NULL)
DELETE FROM "DYNAMIC_LABEL_DESCRIPTION" WHERE "DYNAMIC_LABEL_ID"=38 AND "LANGUAGE_ID"=1
INSERT INTO "DYNAMIC_LABEL_DESCRIPTION" VALUES(38,1,'--',NULL,'')
COMMIT
/*C88*/SET SCHEMA SALESMANAGER
DISCONNECT
/*C87*/SET SCHEMA SALESMANAGER
DISCONNECT
/*C86*/DISCONNECT
/*C89*/SET SCHEMA SALESMANAGER
DISCONNECT
/*C91*/SET SCHEMA SALESMANAGER
DISCONNECT
/*C90*/SET SCHEMA SALESMANAGER
DISCONNECT
/*C93*/SET SCHEMA SALESMANAGER
DISCONNECT
/*C94*/SET SCHEMA SALESMANAGER
DISCONNECT
/*C92*/SET SCHEMA SALESMANAGER
DISCONNECT
/*C96*/SET SCHEMA SALESMANAGER
DISCONNECT
/*C95*/SET SCHEMA SALESMANAGER
DISCONNECT
/*C97*/SET SCHEMA SALESMANAGER
DISCONNECT
/*C105*/SET SCHEMA SALESMANAGER
DISCONNECT
/*C104*/SET SCHEMA SALESMANAGER
DISCONNECT
/*C103*/SET SCHEMA SALESMANAGER
DISCONNECT
/*C106*/SET SCHEMA SALESMANAGER
DISCONNECT
/*C102*/SET SCHEMA SALESMANAGER
DISCONNECT
/*C101*/SET SCHEMA SALESMANAGER
DISCONNECT
/*C98*/SET SCHEMA SALESMANAGER
DISCONNECT
/*C99*/SET SCHEMA SALESMANAGER
DISCONNECT
/*C100*/SET SCHEMA SALESMANAGER
DISCONNECT
/*C109*/SET SCHEMA SALESMANAGER
DISCONNECT
/*C108*/SET SCHEMA SALESMANAGER
DISCONNECT
/*C107*/SET SCHEMA SALESMANAGER
DISCONNECT
/*C111*/SET SCHEMA SALESMANAGER
DISCONNECT
/*C110*/SET SCHEMA SALESMANAGER
DISCONNECT
/*C112*/SET SCHEMA SALESMANAGER
DISCONNECT
